HughieLinkGame/proguard-project.txt
# To enable ProGuard in your project, edit project.properties
# to define the proguard.config property as described in that file.
#
# Add project specific ProGuard rules here.
# By default, the flags in this file are appended to flags specified
# in ${sdk.dir}/tools/proguard/proguard-android.txt
# You can edit the include path and order by changing the ProGuard
# include property in project.properties.
#
# For more details, see
#   http://developer.android.com/guide/developing/tools/proguard.html

# Add any project specific keep options here:

# If your project uses WebView with JS, uncomment the following
# and specify the fully qualified class name to the JavaScript interface
# class:
#-keepclassmembers class fqcn.of.javascript.interface.for.webview {
#   public *;
#}

-ignorewarnings
-libraryjars ..\\SlidingMenu_tfd/libs/android-support-v4.jar
# 添加第三方jar包
-libraryjars libs/umeng-analytics-v5.5.3.jar
-libraryjars libs/umeng-update-v2.6.0.1.jar

#umeng Start
-keepclassmembers class * {
	public <init>(org.json.JSONObject);
}
-keep public class [com.hughie.linkgame].R$*{
    public static final int *;
}
-keep public class com.umeng.fb.ui.ThreadView {
}
#umeng End

-keep class com.hughie.linkgame.entity.** {*;}

-dontwarn com.umeng.**

# 以下类过滤不混淆  
-keep public class * extends com.umeng.**
# 以下包不进行过滤
-keep class com.umeng.** { *; }