HughieLinkGame/proguard/seeds.txt
com.hughie.linkgame.HughieCommunityHomeActivity
com.hughie.linkgame.HughieCommunityHomeActivity: HughieCommunityHomeActivity()
com.hughie.linkgame.HughieGameHomeActivity
com.hughie.linkgame.HughieGameHomeActivity: HughieGameHomeActivity()
com.hughie.linkgame.HughieInformationHomeActivity
com.hughie.linkgame.HughieInformationHomeActivity: HughieInformationHomeActivity()
com.hughie.linkgame.HughieMainActivity
com.hughie.linkgame.HughieMainActivity: HughieMainActivity()
com.hughie.linkgame.HughieUserCenterActivity
com.hughie.linkgame.HughieUserCenterActivity: HughieUserCenterActivity()
com.hughie.linkgame.base.HughieBaseActivity: HughieBaseActivity()
com.hughie.linkgame.base.HughieBaseActivity: void onClickHeadLeft(android.view.View)
com.hughie.linkgame.base.HughieBaseActivity: void onClickHeadRight(android.view.View)
com.hughie.linkgame.base.HughieMainBaseActivity: HughieMainBaseActivity()
com.hughie.linkgame.common.HughieGameApplication
com.hughie.linkgame.common.HughieGameApplication: HughieGameApplication()
com.hughie.linkgame.ui.HughieGameIndexActivity
com.hughie.linkgame.ui.HughieGameIndexActivity: HughieGameIndexActivity()
com.hughie.linkgame.ui.HughieGameIndexActivity: void onClickHeadRight(android.view.View)
com.hughie.linkgame.ui.HughieGameMapActivity
com.hughie.linkgame.ui.HughieGameMapActivity: HughieGameMapActivity()
com.hughie.linkgame.ui.HughieGamePointActivity
com.hughie.linkgame.ui.HughieGamePointActivity: HughieGamePointActivity()
com.hughie.linkgame.ui.HughieGameWelcomeActivity
com.hughie.linkgame.ui.HughieGameWelcomeActivity: HughieGameWelcomeActivity()
com.hughie.linkgame.ui.HughieWelcomeActivity
com.hughie.linkgame.ui.HughieWelcomeActivity: HughieWelcomeActivity()
com.hughie.linkgame.view.HughieDragGridView
com.hughie.linkgame.view.HughieDragGridView: HughieDragGridView(android.content.Context)
com.hughie.linkgame.view.HughieDragGridView: HughieDragGridView(android.content.Context,android.util.AttributeSet)
com.hughie.linkgame.view.HughieGridViewItem
com.hughie.linkgame.view.HughieGridViewItem: HughieGridViewItem(android.content.Context)
com.hughie.linkgame.view.HughieGridViewItem: HughieGridViewItem(android.content.Context,android.util.AttributeSet)
com.hughie.linkgame.view.HughieRoundImageView
com.hughie.linkgame.view.HughieRoundImageView: HughieRoundImageView(android.content.Context)
com.hughie.linkgame.view.HughieRoundImageView: HughieRoundImageView(android.content.Context,android.util.AttributeSet)
com.hughie.linkgame.view.HughieRoundImageView: HughieRoundImageView(android.content.Context,android.util.AttributeSet,int)
...
com.umeng.analytics.ReportPolicy$e
com.umeng.analytics.ReportPolicy$e: int a
com.umeng.analytics.ReportPolicy$e: u.aly.s b
com.umeng.analytics.ReportPolicy$e: ReportPolicy$e(u.aly.s,int)
com.umeng.analytics.ReportPolicy$e: boolean a(boolean)
com.umeng.analytics.ReportPolicy$f
com.umeng.analytics.ReportPolicy$f: long a
com.umeng.analytics.ReportPolicy$f: u.aly.aa b
com.umeng.analytics.ReportPolicy$f: ReportPolicy$f(u.aly.aa)
com.umeng.analytics.ReportPolicy$f: boolean a(boolean)
com.umeng.analytics.ReportPolicy$g
com.umeng.analytics.ReportPolicy$g: ReportPolicy$g()
com.umeng.analytics.ReportPolicy$g: boolean a(boolean)
com.umeng.analytics.ReportPolicy$g: boolean a()
com.umeng.analytics.ReportPolicy$h
com.umeng.analytics.ReportPolicy$h: android.content.Context a
com.umeng.analytics.ReportPolicy$h: ReportPolicy$h(android.content.Context)
com.umeng.analytics.ReportPolicy$h: boolean a(boolean)
com.umeng.analytics.a
com.umeng.analytics.a: java.lang.String a
com.umeng.analytics.a: java.lang.String b
com.umeng.analytics.a: java.lang.String c
com.umeng.analytics.a: java.lang.String d
com.umeng.analytics.a: java.lang.String e
com.umeng.analytics.a: java.lang.String[] f
com.umeng.analytics.a: java.lang.String[] g
com.umeng.analytics.a: java.lang.String h
com.umeng.analytics.a: java.lang.String i
com.umeng.analytics.a: java.lang.String j
com.umeng.analytics.a: java.lang.String k
com.umeng.analytics.a: java.lang.String l
com.umeng.analytics.a: long m
com.umeng.analytics.a: long n
com.umeng.analytics.a: boolean o
com.umeng.analytics.a: a()
com.umeng.analytics.a: void <clinit>()
com.umeng.analytics.b
com.umeng.analytics.b: byte[] a
com.umeng.analytics.b: b()
com.umeng.analytics.b: byte[] a(java.lang.String)
com.umeng.analytics.b: java.lang.String a(byte[])
com.umeng.analytics.b: byte[] b(byte[])
com.umeng.analytics.b: byte[] a(byte[],byte[])
com.umeng.analytics.b: byte[] b(byte[],byte[])
com.umeng.analytics.b: int a(int,java.lang.String)
com.umeng.analytics.b: void <clinit>()
com.umeng.analytics.c
com.umeng.analytics.c: void a()
com.umeng.analytics.c: void b()
com.umeng.analytics.d
com.umeng.analytics.d: com.umeng.analytics.onlineconfig.a a
com.umeng.analytics.d: android.content.Context b
com.umeng.analytics.d: com.umeng.analytics.c c
com.umeng.analytics.d: u.aly.n d
com.umeng.analytics.d: u.aly.ad e
com.umeng.analytics.d: u.aly.z f
com.umeng.analytics.d: u.aly.o g
com.umeng.analytics.d: u.aly.l h
com.umeng.analytics.d: boolean i
com.umeng.analytics.d: d()
com.umeng.analytics.d: void f(android.content.Context)
com.umeng.analytics.d: void a(java.lang.String)
com.umeng.analytics.d: void b(java.lang.String)
com.umeng.analytics.d: void a(com.umeng.analytics.c)
com.umeng.analytics.d: void a(int)
com.umeng.analytics.d: void a(java.lang.String,java.lang.String)
com.umeng.analytics.d: void a(android.content.Context)
com.umeng.analytics.d: void a(com.umeng.analytics.onlineconfig.UmengOnlineConfigureListener)
com.umeng.analytics.d: void b(android.content.Context)
com.umeng.analytics.d: void c(android.content.Context)
com.umeng.analytics.d: u.aly.z a()
com.umeng.analytics.d: void a(android.content.Context,java.lang.String,java.util.HashMap)
com.umeng.analytics.d: void a(android.content.Context,java.lang.String)
com.umeng.analytics.d: void a(android.content.Context,java.lang.Throwable)
com.umeng.analytics.d: void g(android.content.Context)
com.umeng.analytics.d: void h(android.content.Context)
com.umeng.analytics.d: void d(android.content.Context)
com.umeng.analytics.d$1
com.umeng.analytics.d$1: android.content.Context a
com.umeng.analytics.d$1: com.umeng.analytics.d b
com.umeng.analytics.d$1: d$1(com.umeng.analytics.d,android.content.Context)
com.umeng.analytics.d$1: void a()
com.umeng.analytics.d$2
com.umeng.analytics.d$2: android.content.Context a
com.umeng.analytics.d$2: com.umeng.analytics.d b
com.umeng.analytics.d$2: d$2(com.umeng.analytics.d,android.content.Context)
com.umeng.analytics.d$2: void a()