HughieLinkGame/proguard/mapping.txt
com.hughie.linkgame.HughieCommunityHomeActivity -> com.hughie.linkgame.HughieCommunityHomeActivity:
    void onCreate(android.os.Bundle) -> onCreate
com.hughie.linkgame.HughieGameHomeActivity -> com.hughie.linkgame.HughieGameHomeActivity:
    android.widget.FrameLayout mGameAdLayout -> g
    int mScreenWidth -> h
    int mScreenHeight -> i
    int mGameAdWidth -> j
    int mGameAdHeight -> k
    com.hughie.linkgame.view.HughieDragGridView mGameMainGv -> l
    com.hughie.linkgame.ad.service.HughieGetADService mAdservice -> m
    java.util.List mADBeans -> n
    android.content.Context mContext -> o
    void onCreate(android.os.Bundle) -> onCreate
    void onResume() -> onResume
    void initGridViewData() -> g
    void onDestroy() -> onDestroy
    java.util.List access$0(com.hughie.linkgame.HughieGameHomeActivity) -> a
    void access$1(com.hughie.linkgame.HughieGameHomeActivity) -> b
    com.hughie.linkgame.view.HughieDragGridView access$2(com.hughie.linkgame.HughieGameHomeActivity) -> c
    android.content.Context access$3(com.hughie.linkgame.HughieGameHomeActivity) -> d
com.hughie.linkgame.HughieGameHomeActivity$1 -> com.hughie.linkgame.a:
    com.hughie.linkgame.HughieGameHomeActivity this$0 -> a
    void onPrepare() -> a
    void onComplete$723835b3(com.hughie.linkgame.base.service.HughieBaseResponse) -> a
    void onLoadSuccess$5ebc424() -> b
    void onFailed$f64e118(java.lang.Exception) -> a
com.hughie.linkgame.HughieGameHomeActivity$2 -> com.hughie.linkgame.b:
    com.hughie.linkgame.HughieGameHomeActivity this$0 -> a
    void OnGridItemPosChanged() -> a
    boolean OnGridItemDelete(int) -> a
    void OnGridItemWhenNormalState(java.lang.String) -> a
    void OnGridItemWhenBlankState() -> b
com.hughie.linkgame.HughieInformationHomeActivity -> com.hughie.linkgame.HughieInformationHomeActivity:
    void onCreate(android.os.Bundle) -> onCreate
com.hughie.linkgame.HughieMainActivity -> com.hughie.linkgame.HughieMainActivity:
    com.hughie.linkgame.view.HughieFlipperLayout mScreenRoot -> a
    com.hughie.linkgame.screen.HughieScreenDesktop mScreenDesktop -> b
    com.hughie.linkgame.screen.HughieScreenTab mScreenTab -> c
    android.widget.TextView mDesktopGameNameTv -> d
    android.widget.TextView mDesktopGameDescriptionTv -> e
    android.widget.ListView mDesktopSidebarLv -> f
    com.hughie.linkgame.adapter.HughieDesktopSidebarAdapter mSidebarAdapter -> g
    android.widget.TabHost mTabs -> h
    android.widget.RadioGroup mScreenTabRg -> i
    android.widget.RadioButton mScreenTabGameRb -> j
    android.widget.RadioButton mScreenTabInfoRb -> k
    android.widget.RadioButton mScreenTabCircleRb -> l
    android.widget.RadioButton mScreenTabMineRb -> m
    java.util.ArrayList mSidebarDetailList -> n
    int[] mSidebarImgvs -> o
    java.lang.String[] mSidebarNames -> p
    java.lang.String TAB_GAME -> q
    java.lang.String TAB_INFORMATION -> r
    java.lang.String TAB_CIRCLE -> s
    java.lang.String TAB_MINE -> t
    int CURRENT_RADIO_ID -> u
    android.content.Context mContext -> v
    void onCreate(android.os.Bundle) -> onCreate
    void initSidebarData() -> a
    void onResume() -> onResume
    void onPause() -> onPause
    void onDesktopSidebarItemClick(int) -> a
    android.widget.TabHost access$0(com.hughie.linkgame.HughieMainActivity) -> a
com.hughie.linkgame.HughieMainActivity$1 -> com.hughie.linkgame.c:
    com.hughie.linkgame.HughieMainActivity this$0 -> a
    void onCheckedChanged(android.widget.RadioGroup,int) -> onCheckedChanged
com.hughie.linkgame.HughieUserCenterActivity -> com.hughie.linkgame.HughieUserCenterActivity:
    void onCreate(android.os.Bundle) -> onCreate
com.hughie.linkgame.R$styleable -> com.hughie.linkgame.d:
    int[] roundedimageview -> a
com.hughie.linkgame.ad.service.HughieGetADRequest -> com.hughie.linkgame.a.a.a:
    java.lang.String getUrl() -> a
com.hughie.linkgame.ad.service.HughieGetADResponse -> com.hughie.linkgame.a.a.b:
...
com.alimama.mobile.csdk.umupdate.models.d$3 -> com.alimama.mobile.csdk.umupdate.c.k:
    java.lang.String toString() -> toString
com.alimama.mobile.csdk.umupdate.models.e -> com.alimama.mobile.csdk.umupdate.c.l:
    com.alimama.mobile.csdk.umupdate.models.e a -> a
    com.alimama.mobile.csdk.umupdate.models.e b -> b
    com.alimama.mobile.csdk.umupdate.models.e c -> c
    com.alimama.mobile.csdk.umupdate.models.e d -> d
    com.alimama.mobile.csdk.umupdate.models.e[] e -> e
    com.alimama.mobile.csdk.umupdate.models.e[] values() -> a
    com.alimama.mobile.csdk.umupdate.models.e a(java.lang.String) -> a
com.alimama.mobile.csdk.umupdate.models.e$1 -> com.alimama.mobile.csdk.umupdate.c.m:
    java.lang.String toString() -> toString
com.alimama.mobile.csdk.umupdate.models.e$2 -> com.alimama.mobile.csdk.umupdate.c.n:
    java.lang.String toString() -> toString
com.alimama.mobile.csdk.umupdate.models.e$3 -> com.alimama.mobile.csdk.umupdate.c.o:
    java.lang.String toString() -> toString
com.alimama.mobile.csdk.umupdate.models.e$4 -> com.alimama.mobile.csdk.umupdate.c.p:
    java.lang.String toString() -> toString
com.alimama.mobile.csdk.umupdate.models.f -> com.alimama.mobile.csdk.umupdate.c.q:
    com.alimama.mobile.csdk.umupdate.models.f a -> a
    com.alimama.mobile.csdk.umupdate.models.f b -> b
    com.alimama.mobile.csdk.umupdate.models.f c -> c
    com.alimama.mobile.csdk.umupdate.models.f d -> d
    com.alimama.mobile.csdk.umupdate.models.f[] e -> e
    com.alimama.mobile.csdk.umupdate.models.f[] values() -> a
    com.alimama.mobile.csdk.umupdate.models.f a(java.lang.String) -> a
com.alimama.mobile.csdk.umupdate.models.f$1 -> com.alimama.mobile.csdk.umupdate.c.r:
    java.lang.String toString() -> toString
com.alimama.mobile.csdk.umupdate.models.f$2 -> com.alimama.mobile.csdk.umupdate.c.s:
    java.lang.String toString() -> toString
com.alimama.mobile.csdk.umupdate.models.f$3 -> com.alimama.mobile.csdk.umupdate.c.t:
    java.lang.String toString() -> toString
com.alimama.mobile.csdk.umupdate.models.f$4 -> com.alimama.mobile.csdk.umupdate.c.u:
    java.lang.String toString() -> toString
com.google.gson.FieldAttributes -> com.a.a.a:
com.google.gson.FieldNamingPolicy -> com.a.a.b:
    com.google.gson.FieldNamingPolicy IDENTITY -> a
    com.google.gson.FieldNamingPolicy UPPER_CAMEL_CASE -> b
    com.google.gson.FieldNamingPolicy UPPER_CAMEL_CASE_WITH_SPACES -> c
    com.google.gson.FieldNamingPolicy LOWER_CASE_WITH_UNDERSCORES -> d
    com.google.gson.FieldNamingPolicy LOWER_CASE_WITH_DASHES -> e
    java.lang.String access$100(java.lang.String) -> a
    java.lang.String access$200(java.lang.String,java.lang.String) -> a
com.google.gson.FieldNamingPolicy$1 -> com.a.a.c:
    java.lang.String translateName(java.lang.reflect.Field) -> a
com.google.gson.FieldNamingPolicy$2 -> com.a.a.d:
    java.lang.String translateName(java.lang.reflect.Field) -> a
com.google.gson.FieldNamingPolicy$3 -> com.a.a.e:
    java.lang.String translateName(java.lang.reflect.Field) -> a
com.google.gson.FieldNamingPolicy$4 -> com.a.a.f:
    java.lang.String translateName(java.lang.reflect.Field) -> a
com.google.gson.FieldNamingPolicy$5 -> com.a.a.g:
    java.lang.String translateName(java.lang.reflect.Field) -> a
com.google.gson.FieldNamingStrategy -> com.a.a.h:
    java.lang.String translateName(java.lang.reflect.Field) -> a