HughieLinkGame/proguard/usage.txt
com.hughie.linkgame.BuildConfig
com.hughie.linkgame.HughieGameHomeActivity$1:
    154:154:public void onLoading()
    179:179:public void onCancel()
com.hughie.linkgame.HughieMainActivity:
    229:230:public void setDesktopIcon(android.graphics.Bitmap)
com.hughie.linkgame.R:
    10:10:public R()
com.hughie.linkgame.R$anim
com.hughie.linkgame.R$array
com.hughie.linkgame.R$attr
com.hughie.linkgame.R$bool
com.hughie.linkgame.R$color
com.hughie.linkgame.R$dimen
com.hughie.linkgame.R$drawable
com.hughie.linkgame.R$id
com.hughie.linkgame.R$integer
com.hughie.linkgame.R$layout
com.hughie.linkgame.R$raw
com.hughie.linkgame.R$string
com.hughie.linkgame.R$style
com.hughie.linkgame.R$styleable:
    public static final int Android_android_background
    public static final int Android_android_textColor
    public static final int Android_android_textColorHighlight
    public static final int Android_android_textColorHint
    public static final int Android_android_textColorLink
    public static final int Android_android_textSize
    public static final int Android_android_textStyle
    public static final int Android_android_typeface
    public static final int CirclePageIndicator_android_background
    public static final int CirclePageIndicator_android_orientation
    public static final int CirclePageIndicator_centered
    public static final int CirclePageIndicator_fillColor
    public static final int CirclePageIndicator_pageColor
    public static final int CirclePageIndicator_radius
    public static final int CirclePageIndicator_snap
    public static final int CirclePageIndicator_strokeColor
    public static final int CirclePageIndicator_strokeWidth
    public static final int HughieAppTheme_appBackColor
    public static final int HughieAppTheme_appMainColor
    public static final int HughieAppTheme_fontHintDefaultColor
    public static final int HughieAppTheme_fontHintFocusColor
    public static final int HughieAppTheme_fontMainTitleColor
    public static final int HughieAppTheme_fontSubTitleColor
    public static final int HughieAppTheme_fontTipColor
    public static final int LinePageIndicator_android_background
com.hughie.linkgame.ad.service.HughieGetADResponse:
    26:27:public void setData(java.util.List)
com.hughie.linkgame.base.HughieBaseActivity:
    88:89:public void setBtnRightVisibility(int)
    106:111:public void setBtnRight(java.lang.String)
    121:125:public void setBtnLeftPadding(int,int,int,int)
    135:139:public void setBtnRightPadding(int,int,int,int)
    146:151:public void setBtnRightBackground(int)
    158:165:public void setBtnRightDrawable(int)
com.hughie.linkgame.base.component.HughieLoadingDialog:
    53:64:public void showLoadingDialog()
com.hughie.linkgame.base.listener.HughieNetListener:
    public abstract void onLoading()
    public abstract void onCancel()
com.hughie.linkgame.base.service.HughieBaseRequest:
    45:45:public android.content.Context getContext()
    70:70:public com.hughie.linkgame.base.service.HughieBaseRequest$RequestLoadType getmLoadType()
    108:109:public void setImageFlag(java.lang.String)
    119:120:public void setBitmaps(java.io.File)
com.hughie.linkgame.base.service.HughieBaseRequest$REQUESTSHOWTYPE:
    1:1:public static com.hughie.linkgame.base.service.HughieBaseRequest$REQUESTSHOWTYPE[] values()
    1:1:public static com.hughie.linkgame.base.service.HughieBaseRequest$REQUESTSHOWTYPE valueOf(java.lang.String)
com.hughie.linkgame.base.service.HughieBaseRequest$REQUESTTYPE:
    1:1:public static com.hughie.linkgame.base.service.HughieBaseRequest$REQUESTTYPE[] values()
    1:1:public static com.hughie.linkgame.base.service.HughieBaseRequest$REQUESTTYPE valueOf(java.lang.String)
com.hughie.linkgame.base.service.HughieBaseRequest$RequestLoadType:
    1:1:public static com.hughie.linkgame.base.service.HughieBaseRequest$RequestLoadType[] values()
    1:1:public static com.hughie.linkgame.base.service.HughieBaseRequest$RequestLoadType valueOf(java.lang.String)
...
com.alimama.mobile.csdk.umupdate.a.b:
    private static final java.lang.String e
    private static final int f
    private static final int g
    private static final int h
    private static final int k
    private static final int l
    300:301:public static void a()
    307:308:public static void a(java.util.concurrent.Executor)
    362:362:public final com.alimama.mobile.csdk.umupdate.a.b$d b()
    491:492:public final boolean a(boolean)
    506:506:public final java.lang.Object f()
    524:524:public final java.lang.Object a(long,java.util.concurrent.TimeUnit)
    553:553:public final varargs com.alimama.mobile.csdk.umupdate.a.b c(java.lang.Object[])
    619:620:public static void a(java.lang.Runnable)
    636:640:protected final varargs void d(java.lang.Object[])
com.alimama.mobile.csdk.umupdate.a.b$d:
    281:281:public static com.alimama.mobile.csdk.umupdate.a.b$d valueOf(java.lang.String)
com.alimama.mobile.csdk.umupdate.a.c:
    private java.lang.String d
    74:75:public void a(android.content.Context)
    191:194:public java.lang.String d(java.lang.String)
    200:205:public boolean a(java.lang.String)
    210:211:public boolean a(java.lang.Class)
    216:217:public boolean b(java.lang.String)
    222:223:public boolean a(android.content.Intent)
    228:230:public boolean b(java.lang.Class)
    236:244:public android.content.pm.ActivityInfo c(java.lang.Class)
    249:251:public boolean d(java.lang.Class)
    260:260:public boolean a()
    265:265:public boolean b()
    292:292:public void k()
    295:304:protected varargs void a(android.content.Context,java.lang.Class[])
    323:332:public boolean c()
    337:341:public boolean d()
    362:367:public boolean e()
    371:376:public static boolean a(android.app.Activity)
    380:395:public static android.content.Intent b(android.content.Context)
    405:406:public int c(android.content.Context)
    418:418:public java.lang.String j()
    464:464:public java.lang.String q()
    480:480:public java.lang.String s()
    490:490:public float u()
    495:505:public int v()
    510:552:public int w()
    557:567:public int x()
    572:572:public int y()
    577:577:public int z()
    582:591:public int A()
    626:626:public java.lang.String B()
    695:696:public float a(float)
    708:709:void a(boolean)
com.alimama.mobile.csdk.umupdate.a.d:
    20:20:public d()
com.alimama.mobile.csdk.umupdate.a.e:
    4:4:public e()
com.alimama.mobile.csdk.umupdate.a.f
com.alimama.mobile.csdk.umupdate.a.g:
    45:50:public static void a(java.lang.String)
    53:56:public static varargs void a(java.lang.String,java.lang.Object[])
    83:84:public static varargs void b(java.lang.Throwable,java.lang.String,java.lang.Object[])
    87:88:public static varargs void f(java.lang.String,java.lang.Object[])
    91:92:public static varargs void c(java.lang.Throwable,java.lang.String,java.lang.Object[])
com.alimama.mobile.csdk.umupdate.a.g$a
com.alimama.mobile.csdk.umupdate.a.g$a$a
com.alimama.mobile.csdk.umupdate.a.j:
    17:17:public j()
    19:22:public static java.lang.String a(java.lang.String)
com.alimama.mobile.csdk.umupdate.a.k:
    static final java.lang.String a
com.alimama.mobile.csdk.umupdate.b
com.alimama.mobile.csdk.umupdate.b$a
com.alimama.mobile.csdk.umupdate.b$b
com.alimama.mobile.csdk.umupdate.b$c
com.alimama.mobile.csdk.umupdate.b$d
com.alimama.mobile.csdk.umupdate.b$e
com.alimama.mobile.csdk.umupdate.b$f
com.alimama.mobile.csdk.umupdate.b.a:
    public static final java.lang.String a
    public static final java.lang.String b
com.alimama.mobile.csdk.umupdate.b.d:
    public static java.lang.String[] b
    76:82:public static com.alimama.mobile.csdk.umupdate.b.d a(org.json.JSONObject)